<?xml version="1.0" encoding="UTF-8"?>
<!-- Generated by org.testng.reporters.JUnitReportReporter -->
<testsuite hostname="Denys_Koval" name="verify_the_login_section.enter_valid_userid_password_verify_managerid" tests="1" failures="0" timestamp="16 Nov 2014 22:03:15 GMT" time="6.481" errors="0">
  <testcase name="valid_userid_password_verify_managerid" time="6.481" classname="verify_the_login_section.enter_valid_userid_password_verify_managerid"/>
</testsuite> <!-- verify_the_login_section.enter_valid_userid_password_verify_managerid -->
