<?xml version="1.0" encoding="UTF-8"?>
<!-- Generated by org.testng.reporters.JUnitReportReporter -->
<testsuite hostname="Denys_Koval" name="add_new_customer_and_account.verify_after_adding_new_customer" tests="1" failures="0" timestamp="18 Nov 2014 08:49:41 GMT" time="14.935" errors="0">
  <testcase name="incorrect_old_password" time="14.935" classname="add_new_customer_and_account.verify_after_adding_new_customer"/>
</testsuite> <!-- add_new_customer_and_account.verify_after_adding_new_customer -->
