<?xml version="1.0" encoding="UTF-8"?>
<!-- Generated by org.testng.reporters.JUnitReportReporter -->
<testsuite hostname="Denys_Koval" name="verify_the_login_section.enter_valid_userid_password_verify_managerid_take_sreenshot" tests="1" failures="0" timestamp="16 Nov 2014 22:41:14 GMT" time="6.453" errors="0">
  <testcase name="valid_userid_password_verify_managerid_take_sreenshot" time="6.453" classname="verify_the_login_section.enter_valid_userid_password_verify_managerid_take_sreenshot"/>
</testsuite> <!-- verify_the_login_section.enter_valid_userid_password_verify_managerid_take_sreenshot -->
