<?xml version="1.0" encoding="UTF-8"?>
<!-- Generated by org.testng.reporters.JUnitReportReporter -->
<testsuite hostname="Denys_Koval" name="First_task.Verify_the_Login_Section" tests="1" failures="0" timestamp="11 Nov 2014 21:33:44 GMT" time="7.172" errors="0">
  <testcase name="verify_login" time="7.172" classname="First_task.Verify_the_Login_Section"/>
</testsuite> <!-- First_task.Verify_the_Login_Section -->
