<?xml version="1.0" encoding="UTF-8"?>
<!-- Generated by org.testng.reporters.JUnitReportReporter -->
<testsuite hostname="Denys_Koval" name="customized_statement.verify_customized_statement" tests="1" failures="0" timestamp="18 Nov 2014 10:25:35 GMT" time="9.310" errors="0">
  <testcase name="verify_system" time="9.310" classname="customized_statement.verify_customized_statement"/>
</testsuite> <!-- customized_statement.verify_customized_statement -->
