<?xml version="1.0" encoding="UTF-8"?>
<!-- Generated by org.testng.reporters.JUnitReportReporter -->
<testsuite hostname="Denys_Koval" name="fund_transfer_customized_statement.verify_system_behavior" tests="1" failures="0" timestamp="18 Nov 2014 09:53:01 GMT" time="10.722" errors="0">
  <testcase name="verify_system" time="10.722" classname="fund_transfer_customized_statement.verify_system_behavior"/>
</testsuite> <!-- fund_transfer_customized_statement.verify_system_behavior -->
