<?xml version="1.0" encoding="UTF-8"?>
<!-- Generated by org.testng.reporters.JUnitReportReporter -->
<testsuite hostname="Denys_Koval" name="verify_the_login_section.enter_valid_userid_invalid_password" tests="1" failures="0" timestamp="14 Nov 2014 09:38:10 GMT" time="3.937" errors="0">
  <testcase name="invalid_userid_valid_password" time="3.937" classname="verify_the_login_section.enter_valid_userid_invalid_password"/>
</testsuite> <!-- verify_the_login_section.enter_valid_userid_invalid_password -->
